# JRE version: Java(TM) SE Runtime Environment (8.0_191-b12) (build 1.8.0_191-b12)
# Java VM: Java HotSpot(TM) 64-Bit Server VM (25.191-b12 mixed mode linux-amd64 compressed oops)
Heap:
 PSYoungGen      total 309248K, used 0K [0x00000000e1980000, 0x00000000f4980000, 0x0000000100000000)
  eden space 307200K, 0% used [0x00000000e1980000,0x00000000e1980000,0x00000000f4580000)
  from space 2048K, 0% used [0x00000000f4580000,0x00000000f4580000,0x00000000f4780000)
  to   space 2048K, 0% used [0x00000000f4780000,0x00000000f4780000,0x00000000f4980000)
 ParOldGen       total 62976K, used 816K [0x00000000a4c00000, 0x00000000a8980000, 0x00000000e1980000)
  object space 62976K, 1% used [0x00000000a4c00000,0x00000000a4ccc2f8,0x00000000a8980000)
 Metaspace       used 4794K, capacity 5372K, committed 5504K, reserved 1056768K
  class space    used 528K, capacity 600K, committed 640K, reserved 1048576K
GC Heap History (10 events):
Event: 0.599 GC heap after
Heap after GC invocations=6 (full 0):
 PSYoungGen      total 97792K, used 816K [0x00000000e1980000, 0x00000000e7a80000, 0x0000000100000000)
  eden space 96256K, 0% used [0x00000000e1980000,0x00000000e1980000,0x00000000e7780000)
  from space 1536K, 53% used [0x00000000e7900000,0x00000000e79cc010,0x00000000e7a80000)
  to   space 1536K, 0% used [0x00000000e7780000,0x00000000e7780000,0x00000000e7900000)
 ParOldGen       total 62976K, used 24K [0x00000000a4c00000, 0x00000000a8980000, 0x00000000e1980000)
  object space 62976K, 0% used [0x00000000a4c00000,0x00000000a4c06000,0x00000000a8980000)
 Metaspace       used 4794K, capacity 5372K, committed 5504K, reserved 1056768K
  class space    used 528K, capacity 600K, committed 640K, reserved 1048576K
}
Event: 0.756 GC heap before
{Heap before GC invocations=7 (full 0):
 PSYoungGen      total 97792K, used 97072K [0x00000000e1980000, 0x00000000e7a80000, 0x0000000100000000)
  eden space 96256K, 100% used [0x00000000e1980000,0x00000000e7780000,0x00000000e7780000)
  from space 1536K, 53% used [0x00000000e7900000,0x00000000e79cc010,0x00000000e7a80000)
  to   space 1536K, 0% used [0x00000000e7780000,0x00000000e7780000,0x00000000e7900000)
 ParOldGen       total 62976K, used 24K [0x00000000a4c00000, 0x00000000a8980000, 0x00000000e1980000)
  object space 62976K, 0% used [0x00000000a4c00000,0x00000000a4c06000,0x00000000a8980000)
 Metaspace       used 4794K, capacity 5372K, committed 5504K, reserved 1056768K
  class space    used 528K, capacity 600K, committed 640K, reserved 1048576K
Event: 0.761 GC heap after
Heap after GC invocations=7 (full 0):
 PSYoungGen      total 97792K, used 0K [0x00000000e1980000, 0x00000000ed880000, 0x0000000100000000)
  eden space 96256K, 0% used [0x00000000e1980000,0x00000000e1980000,0x00000000e7780000)
  from space 1536K, 0% used [0x00000000e7780000,0x00000000e7780000,0x00000000e7900000)
  to   space 1536K, 0% used [0x00000000ed700000,0x00000000ed700000,0x00000000ed880000)
 ParOldGen       total 62976K, used 816K [0x00000000a4c00000, 0x00000000a8980000, 0x00000000e1980000)
  object space 62976K, 1% used [0x00000000a4c00000,0x00000000a4ccc2f8,0x00000000a8980000)
 Metaspace       used 4794K, capacity 5372K, committed 5504K, reserved 1056768K
  class space    used 528K, capacity 600K, committed 640K, reserved 1048576K
}
Event: 0.904 GC heap before
{Heap before GC invocations=8 (full 0):
 PSYoungGen      total 97792K, used 96256K [0x00000000e1980000, 0x00000000ed880000, 0x0000000100000000)
  eden space 96256K, 100% used [0x00000000e1980000,0x00000000e7780000,0x00000000e7780000)
  from space 1536K, 0% used [0x00000000e7780000,0x00000000e7780000,0x00000000e7900000)
  to   space 1536K, 0% used [0x00000000ed700000,0x00000000ed700000,0x00000000ed880000)
 ParOldGen       total 62976K, used 816K [0x00000000a4c00000, 0x00000000a8980000, 0x00000000e1980000)
  object space 62976K, 1% used [0x00000000a4c00000,0x00000000a4ccc2f8,0x00000000a8980000)
 Metaspace       used 4794K, capacity 5372K, committed 5504K, reserved 1056768K
  class space    used 528K, capacity 600K, committed 640K, reserved 1048576K
Event: 0.905 GC heap after
Heap after GC invocations=8 (full 0):
 PSYoungGen      total 193536K, used 0K [0x00000000e1980000, 0x00000000ed980000, 0x0000000100000000)
  eden space 192000K, 0% used [0x00000000e1980000,0x00000000e1980000,0x00000000ed500000)
  from space 1536K, 0% used [0x00000000ed700000,0x00000000ed700000,0x00000000ed880000)
  to   space 2048K, 0% used [0x00000000ed500000,0x00000000ed500000,0x00000000ed700000)
 ParOldGen       total 62976K, used 816K [0x00000000a4c00000, 0x00000000a8980000, 0x00000000e1980000)
  object space 62976K, 1% used [0x00000000a4c00000,0x00000000a4ccc2f8,0x00000000a8980000)
 Metaspace       used 4794K, capacity 5372K, committed 5504K, reserved 1056768K
  class space    used 528K, capacity 600K, committed 640K, reserved 1048576K
}
Event: 1.249 GC heap before
{Heap before GC invocations=9 (full 0):
 PSYoungGen      total 193536K, used 192000K [0x00000000e1980000, 0x00000000ed980000, 0x0000000100000000)
  eden space 192000K, 100% used [0x00000000e1980000,0x00000000ed500000,0x00000000ed500000)
  from space 1536K, 0% used [0x00000000ed700000,0x00000000ed700000,0x00000000ed880000)
  to   space 2048K, 0% used [0x00000000ed500000,0x00000000ed500000,0x00000000ed700000)
 ParOldGen       total 62976K, used 816K [0x00000000a4c00000, 0x00000000a8980000, 0x00000000e1980000)
  object space 62976K, 1% used [0x00000000a4c00000,0x00000000a4ccc2f8,0x00000000a8980000)
 Metaspace       used 4794K, capacity 5372K, committed 5504K, reserved 1056768K
  class space    used 528K, capacity 600K, committed 640K, reserved 1048576K
Event: 1.271 GC heap after
Heap after GC invocations=9 (full 0):
 PSYoungGen      total 194048K, used 32K [0x00000000e1980000, 0x00000000f4980000, 0x0000000100000000)
  eden space 192000K, 0% used [0x00000000e1980000,0x00000000e1980000,0x00000000ed500000)
  from space 2048K, 1% used [0x00000000ed500000,0x00000000ed508000,0x00000000ed700000)
  to   space 2048K, 0% used [0x00000000f4780000,0x00000000f4780000,0x00000000f4980000)
 ParOldGen       total 62976K, used 816K [0x00000000a4c00000, 0x00000000a8980000, 0x00000000e1980000)
  object space 62976K, 1% used [0x00000000a4c00000,0x00000000a4ccc2f8,0x00000000a8980000)
 Metaspace       used 4794K, capacity 5372K, committed 5504K, reserved 1056768K
  class space    used 528K, capacity 600K, committed 640K, reserved 1048576K
}
Event: 1.568 GC heap before
{Heap before GC invocations=10 (full 0):
 PSYoungGen      total 194048K, used 192032K [0x00000000e1980000, 0x00000000f4980000, 0x0000000100000000)
  eden space 192000K, 100% used [0x00000000e1980000,0x00000000ed500000,0x00000000ed500000)
  from space 2048K, 1% used [0x00000000ed500000,0x00000000ed508000,0x00000000ed700000)
  to   space 2048K, 0% used [0x00000000f4780000,0x00000000f4780000,0x00000000f4980000)
 ParOldGen       total 62976K, used 816K [0x00000000a4c00000, 0x00000000a8980000, 0x00000000e1980000)
  object space 62976K, 1% used [0x00000000a4c00000,0x00000000a4ccc2f8,0x00000000a8980000)
 Metaspace       used 4794K, capacity 5372K, committed 5504K, reserved 1056768K
  class space    used 528K, capacity 600K, committed 640K, reserved 1048576K
Event: 1.568 GC heap after
Heap after GC invocations=10 (full 0):
 PSYoungGen      total 309248K, used 64K [0x00000000e1980000, 0x00000000f4980000, 0x0000000100000000)
  eden space 307200K, 0% used [0x00000000e1980000,0x00000000e1980000,0x00000000f4580000)
  from space 2048K, 3% used [0x00000000f4780000,0x00000000f4790000,0x00000000f4980000)
  to   space 2048K, 0% used [0x00000000f4580000,0x00000000f4580000,0x00000000f4780000)
 ParOldGen       total 62976K, used 816K [0x00000000a4c00000, 0x00000000a8980000, 0x00000000e1980000)
  object space 62976K, 1% used [0x00000000a4c00000,0x00000000a4ccc2f8,0x00000000a8980000)
 Metaspace       used 4794K, capacity 5372K, committed 5504K, reserved 1056768K
  class space    used 528K, capacity 600K, committed 640K, reserved 1048576K
}
Event: 2.071 GC heap before
{Heap before GC invocations=11 (full 0):
 PSYoungGen      total 309248K, used 307264K [0x00000000e1980000, 0x00000000f4980000, 0x0000000100000000)
  eden space 307200K, 100% used [0x00000000e1980000,0x00000000f4580000,0x00000000f4580000)
  from space 2048K, 3% used [0x00000000f4780000,0x00000000f4790000,0x00000000f4980000)
  to   space 2048K, 0% used [0x00000000f4580000,0x00000000f4580000,0x00000000f4780000)
 ParOldGen       total 62976K, used 816K [0x00000000a4c00000, 0x00000000a8980000, 0x00000000e1980000)
  object space 62976K, 1% used [0x00000000a4c00000,0x00000000a4ccc2f8,0x00000000a8980000)
 Metaspace       used 4794K, capacity 5372K, committed 5504K, reserved 1056768K
  class space    used 528K, capacity 600K, committed 640K, reserved 1048576K

